2024-06-25 22:43:01 [restartedMain] INFO  s.n.b.BookingApiApplication - Starting BookingApiApplication using Java 17.0.8 with PID 84997 (/Users/muhammadramadhanrahmat/Desktop/SCTP/Project2/booking_api/target/classes started by muhammadramadhanrahmat in /Users/muhammadramadhanrahmat/Desktop/SCTP/Project2/booking_api)
2024-06-25 22:43:01 [restartedMain] INFO  s.n.b.BookingApiApplication - The following 2 profiles are active: "dev", "permitAll"
2024-06-25 22:43:02 [restartedMain] INFO  o.s.d.r.c.RepositoryConfigurationDelegate - Bootstrapping Spring Data JPA repositories in DEFAULT mode.
2024-06-25 22:43:02 [restartedMain] INFO  o.s.d.r.c.RepositoryConfigurationDelegate - Finished Spring Data repository scanning in 5 ms. Found 4 JPA repository interfaces.
2024-06-25 22:43:02 [restartedMain] INFO  o.s.b.w.e.tomcat.TomcatWebServer - Tomcat initialized with port 8080 (http)
2024-06-25 22:43:02 [restartedMain] INFO  o.a.coyote.http11.Http11NioProtocol - Initializing ProtocolHandler ["http-nio-8080"]
2024-06-25 22:43:02 [restartedMain] INFO  o.a.catalina.core.StandardService - Starting service [Tomcat]
2024-06-25 22:43:02 [restartedMain] INFO  o.a.catalina.core.StandardEngine - Starting Servlet engine: [Apache Tomcat/10.1.24]
2024-06-25 22:43:02 [restartedMain] INFO  o.a.c.c.C.[Tomcat-2].[localhost].[/] - Initializing Spring embedded WebApplicationContext
2024-06-25 22:43:02 [restartedMain] INFO  o.s.b.w.s.c.ServletWebServerApplicationContext - Root WebApplicationContext: initialization completed in 148 ms
2024-06-25 22:43:02 [restartedMain] INFO  com.zaxxer.hikari.HikariDataSource - HikariPool-6 - Starting...
2024-06-25 22:43:02 [restartedMain] INFO  com.zaxxer.hikari.pool.HikariPool - HikariPool-6 - Added connection conn40: url=jdbc:h2:mem:booking-api user=SA
2024-06-25 22:43:02 [restartedMain] INFO  com.zaxxer.hikari.HikariDataSource - HikariPool-6 - Start completed.
2024-06-25 22:43:02 [restartedMain] INFO  o.s.b.a.h.H2ConsoleAutoConfiguration - H2 console available at '/h2'. Database available at 'jdbc:h2:mem:booking-api'
2024-06-25 22:43:02 [restartedMain] INFO  o.h.jpa.internal.util.LogHelper - HHH000204: Processing PersistenceUnitInfo [name: default]
2024-06-25 22:43:02 [restartedMain] INFO  o.h.c.i.RegionFactoryInitiator - HHH000026: Second-level cache disabled
2024-06-25 22:43:02 [restartedMain] INFO  o.s.o.j.p.SpringPersistenceUnitInfo - No LoadTimeWeaver setup: ignoring JPA class transformer
2024-06-25 22:43:02 [restartedMain] INFO  o.h.e.t.j.p.i.JtaPlatformInitiator - HHH000489: No JTA platform available (set 'hibernate.transaction.jta.platform' to enable JTA platform integration)
2024-06-25 22:43:02 [restartedMain] INFO  o.s.o.j.LocalContainerEntityManagerFactoryBean - Initialized JPA EntityManagerFactory for persistence unit 'default'
2024-06-25 22:43:02 [restartedMain] INFO  o.s.b.d.a.OptionalLiveReloadServer - LiveReload server is running on port 35729
2024-06-25 22:43:02 [restartedMain] INFO  o.a.coyote.http11.Http11NioProtocol - Starting ProtocolHandler ["http-nio-8080"]
2024-06-25 22:43:02 [restartedMain] INFO  o.s.b.w.e.tomcat.TomcatWebServer - Tomcat started on port 8080 (http) with context path '/'
2024-06-25 22:43:02 [restartedMain] INFO  s.n.b.BookingApiApplication - Started BookingApiApplication in 0.423 seconds (process running for 3585.177)
2024-06-25 22:43:02 [restartedMain] INFO  o.s.b.d.a.ConditionEvaluationDeltaLoggingListener - Condition evaluation unchanged
